<?xml version="1.0" encoding="UTF-8"?>
<testng-results ignored="2" total="3" passed="0" failed="1" skipped="0">
  <reporter-output>
  </reporter-output>
  <suite started-at="2022-09-11T20:03:32 EDT" name="RegressionSuite" finished-at="2022-09-11T20:03:43 EDT" duration-ms="10944">
    <groups>
      <group name="search">
        <method signature="selenium_helloTestNG.ImageSearch(java.lang.String)[pri:0, instance:Day1.selenium_helloTestNG@5ae50ce6]" name="ImageSearch" class="Day1.selenium_helloTestNG"/>
      </group> <!-- search -->
    </groups>
    <test started-at="2022-09-11T20:03:32 EDT" name="test1" finished-at="2022-09-11T20:03:43 EDT" duration-ms="10944">
      <class name="Day1.selenium_helloTestNG">
        <test-method is-config="true" signature="setup()[pri:0, instance:Day1.selenium_helloTestNG@5ae50ce6]" started-at="2022-09-11T20:03:32 EDT" name="setup" finished-at="2022-09-11T20:03:39 EDT" duration-ms="7350" status="PASS">
          <reporter-output>
          </reporter-output>
        </test-method> <!-- setup -->
        <test-method signature="ImageSearch(java.lang.String)[pri:0, instance:Day1.selenium_helloTestNG@5ae50ce6]" started-at="2022-09-11T20:03:39 EDT" name="ImageSearch" finished-at="2022-09-11T20:03:43 EDT" duration-ms="3548" status="FAIL">
          <params>
            <param index="0">
              <value>
                <![CDATA[Honey]]>
              </value>
            </param>
          </params>
          <exception class="java.lang.Exception">
            <message>
              <![CDATA[Test Exception]]>
            </message>
            <full-stacktrace>
              <![CDATA[java.lang.Exception: Test Exception
at Day1.selenium_helloTestNG.ImageSearch(selenium_helloTestNG.java:65)
at java.base/jdk.internal.reflect.NativeMethodAccessorImpl.invoke0(Native Method)
at java.base/jdk.internal.reflect.NativeMethodAccessorImpl.invoke(NativeMethodAccessorImpl.java:78)
at java.base/jdk.internal.reflect.DelegatingMethodAccessorImpl.invoke(DelegatingMethodAccessorImpl.java:43)
at java.base/java.lang.reflect.Method.invoke(Method.java:567)
at org.testng.internal.MethodInvocationHelper.invokeMethod(MethodInvocationHelper.java:133)
at org.testng.internal.TestInvoker.invokeMethod(TestInvoker.java:598)
at org.testng.internal.TestInvoker.invokeTestMethod(TestInvoker.java:173)
at org.testng.internal.MethodRunner.runInSequence(MethodRunner.java:46)
at org.testng.internal.TestInvoker$MethodInvocationAgent.invoke(TestInvoker.java:824)
at org.testng.internal.TestInvoker.invokeTestMethods(TestInvoker.java:146)
at org.testng.internal.TestMethodWorker.invokeTestMethods(TestMethodWorker.java:146)
at org.testng.internal.TestMethodWorker.run(TestMethodWorker.java:128)
at java.base/java.util.ArrayList.forEach(ArrayList.java:1511)
at org.testng.TestRunner.privateRun(TestRunner.java:794)
at org.testng.TestRunner.run(TestRunner.java:596)
at org.testng.SuiteRunner.runTest(SuiteRunner.java:377)
at org.testng.SuiteRunner.runSequentially(SuiteRunner.java:371)
at org.testng.SuiteRunner.privateRun(SuiteRunner.java:332)
at org.testng.SuiteRunner.run(SuiteRunner.java:276)
at org.testng.SuiteRunnerWorker.runSuite(SuiteRunnerWorker.java:53)
at org.testng.SuiteRunnerWorker.run(SuiteRunnerWorker.java:96)
at org.testng.TestNG.runSuitesSequentially(TestNG.java:1212)
at org.testng.TestNG.runSuitesLocally(TestNG.java:1134)
at org.testng.TestNG.runSuites(TestNG.java:1063)
at org.testng.TestNG.run(TestNG.java:1031)
at org.testng.remote.AbstractRemoteTestNG.run(AbstractRemoteTestNG.java:115)
at org.testng.remote.RemoteTestNG.initAndRun(RemoteTestNG.java:251)
at org.testng.remote.RemoteTestNG.main(RemoteTestNG.java:77)
]]>
            </full-stacktrace>
          </exception> <!-- java.lang.Exception -->
          <reporter-output>
          </reporter-output>
        </test-method> <!-- ImageSearch -->
        <test-method is-config="true" signature="close()[pri:0, instance:Day1.selenium_helloTestNG@5ae50ce6]" started-at="2022-09-11T20:03:43 EDT" name="close" finished-at="2022-09-11T20:03:43 EDT" duration-ms="0" status="PASS">
          <reporter-output>
          </reporter-output>
        </test-method> <!-- close -->
      </class> <!-- Day1.selenium_helloTestNG -->
    </test> <!-- test1 -->
  </suite> <!-- RegressionSuite -->
</testng-results>
